[2025-10-18 02:21:54] [Info] ✅ 日誌建立成功
[2025-10-18 02:21:54] [Info] ✅ 模組快取已清除完畢
[2025-10-18 02:21:54] [Info] ✅ 已載入翻譯詞條數：48
[2025-10-18 02:21:54] [Info] ✅所有初始化作業已完成，正在啟動...
[2025-10-18 02:21:55] [Info] ✅ 壓縮完成： /home/container/log/log-2025-10-18-02-21-54.log.gz
[2025-10-18 02:21:55] [Info] 🗑️ 已刪除舊日誌
[2025-10-18 02:21:55] [Info] Redis 正在連接...
[2025-10-18 02:21:55] [Info] Redis 正在連接...
[2025-10-18 02:21:55] [Info] Redis 正在連接...
[2025-10-18 02:21:55] [Info] ✅ MariaDB 連線成功
[2025-10-18 02:21:56] [Info] Redis 連接測試成功
[2025-10-18 02:21:56] [Info] Redis 連接測試成功
[2025-10-18 02:21:56] [Info] Redis 連接測試成功
[2025-10-18 02:21:56] [Info] ✅ Shard #0 已就緒
[2025-10-18 02:21:56] [Info] ✅ 已登入為 TSBOT#7103
[2025-10-18 02:21:56] [Info] 🔁 使用第 1 組 API 金鑰 (AIzaSy...YjNA)
[2025-10-18 02:21:56] [Info] 🔁 使用第 1 組 API 金鑰 (AIzaSy...YjNA)
[2025-10-18 02:21:59] [Info] ✅ 載入啟動時間: 10.70s (10701.28ms)
[2025-10-18 02:21:59] [Info] %s: %s Bot啟動時間 5.001s
[2025-10-18 02:22:01] [Info] 🎉 所有未導入的圖片已成功導入資料庫！
