[2025-10-17 14:15:38] [Info] ✅ 日誌建立成功
[2025-10-17 14:15:38] [Info] ✅ 模組快取已清除完畢
[2025-10-17 14:15:38] [Info] ✅ 已載入翻譯詞條數：48
[2025-10-17 14:15:38] [Info] ✅所有初始化作業已完成，正在啟動...
[2025-10-17 14:15:38] [Info] ✅ 壓縮完成： /home/container/log/log-2025-10-17-14-15-38.log.gz
[2025-10-17 14:15:38] [Info] 🗑️ 已刪除舊日誌
[2025-10-17 14:15:39] [Info] Redis 正在連接...
[2025-10-17 14:15:39] [Info] Redis 正在連接...
[2025-10-17 14:15:39] [Info] Redis 正在連接...
[2025-10-17 14:15:39] [Info] Redis 連接測試成功
[2025-10-17 14:15:39] [Info] ✅ MariaDB 連線成功
[2025-10-17 14:15:39] [Info] Redis 連接測試成功
[2025-10-17 14:15:39] [Info] Redis 連接測試成功
[2025-10-17 14:15:39] [Info] ✅ Shard #0 已就緒
[2025-10-17 14:15:39] [Info] ✅ 已登入為 TSBOT#7103
[2025-10-17 14:15:39] [Info] 🔁 使用第 1 組 API 金鑰 (AIzaSy...YjNA)
[2025-10-17 14:15:40] [Info] 🔁 使用第 1 組 API 金鑰 (AIzaSy...YjNA)
[2025-10-17 14:15:40] [Info] 🔁 全域 Slash 指令已更新
[2025-10-17 14:15:40] [Info] 🤖 當前版本: VP2.1.0
[2025-10-17 14:15:40] [Info] ✅ Redis 初始化完成
[2025-10-17 14:15:40] [Info] ✅ Redis 已連線
[2025-10-17 14:15:40] [Info] 🎉 所有未導入的圖片已成功導入資料庫！
[2025-10-17 14:15:43] [Info] [DEBUG] 開始定期狀態更新
[2025-10-17 14:15:43] [Info] ✅ 載入啟動時間: 7.39s (7387.11ms)
[2025-10-17 14:15:56] [Info] ✅ 頭像已更新
[2025-10-17 14:15:56] [Warn] ⚠️ 設定橫幅太快或權限不足
[2025-10-17 14:16:13] [Warn] ⚠️ 設定橫幅太快或權限不足
[2025-10-17 14:16:33] [Warn] ⚠️ 設定橫幅太快或權限不足
[2025-10-17 14:16:53] [Warn] ⚠️ 設定橫幅太快或權限不足
[2025-10-17 14:17:13] [Warn] ⚠️ 設定橫幅太快或權限不足
[2025-10-17 14:17:33] [Warn] ⚠️ 設定橫幅太快或權限不足
[2025-10-17 14:17:53] [Warn] ⚠️ 設定橫幅太快或權限不足
[2025-10-17 14:18:13] [Warn] ⚠️ 設定橫幅太快或權限不足
[2025-10-17 14:18:33] [Warn] ⚠️ 設定橫幅太快或權限不足
[2025-10-17 14:18:53] [Warn] ⚠️ 設定橫幅太快或權限不足
[2025-10-17 14:19:12] [Info] MariaDB pool 已建立並持續更新狀態
[2025-10-17 14:19:14] [Info] ✅ 橫幅已更新
[2025-10-17 14:31:43] [Info] 🧹 Node.js 進程結束：0
