[2025-10-18 12:46:56] [Info] ✅ 日誌建立成功
[2025-10-18 12:46:56] [Info] ✅ 模組快取已清除完畢
[2025-10-18 12:46:57] [Info] ✅ 已載入翻譯詞條數：48
[2025-10-18 12:46:57] [Info] ✅所有初始化作業已完成，正在啟動...
[2025-10-18 12:46:57] [Info] ✅ 壓縮完成： /home/container/log/log-2025-10-18-12-46-56.log.gz
[2025-10-18 12:46:57] [Info] 🗑️ 已刪除舊日誌
[2025-10-18 12:46:57] [Info] [Manager PID 138] ✓ 分片 0 已創建
[2025-10-18 12:46:57] [Warn] ⚠️ 第 1 組 API 金鑰 ping 失敗，嘗試下一組...
[2025-10-18 12:46:57] [Info] ✅ MariaDB 連線成功
[2025-10-18 12:46:57] [Warn] ⚠️ 第 2 組 API 金鑰 ping 失敗，嘗試下一組...
[2025-10-18 12:46:57] [Warn] ⚠️ 第 1 組 API 金鑰 ping 失敗，嘗試下一組...
[2025-10-18 12:46:58] [Info] ✅ Shard #0 已就緒
[2025-10-18 12:46:58] [Info] ✅ 已登入為 TSBOT#7103
[2025-10-18 12:46:58] [Warn] ⚠️ 第 2 組 API 金鑰 ping 失敗，嘗試下一組...
[2025-10-18 12:46:58] [Warn] ⚠️ 第 3 組 API 金鑰 ping 失敗，嘗試下一組...
[2025-10-18 12:46:58] [Warn] ⚠️ 第 4 組 API 金鑰 ping 失敗，嘗試下一組...
[2025-10-18 12:46:58] [Warn] ⚠️ 第 3 組 API 金鑰 ping 失敗，嘗試下一組...
[2025-10-18 12:46:59] [Warn] ⚠️ 第 5 組 API 金鑰 ping 失敗，嘗試下一組...
[2025-10-18 12:46:59] [Warn] ⚠️ 第 4 組 API 金鑰 ping 失敗，嘗試下一組...
[2025-10-18 12:46:59] [Warn] ⚠️ 第 6 組 API 金鑰 ping 失敗，嘗試下一組...
[2025-10-18 12:46:59] [Warn] ⚠️ 第 5 組 API 金鑰 ping 失敗，嘗試下一組...
[2025-10-18 12:46:59] [Warn] ⚠️ 第 7 組 API 金鑰 ping 失敗，嘗試下一組...
[2025-10-18 12:46:59] [Warn] ⚠️ 第 6 組 API 金鑰 ping 失敗，嘗試下一組...
[2025-10-18 12:46:59] [Warn] ⚠️ 第 8 組 API 金鑰 ping 失敗，嘗試下一組...
[2025-10-18 12:46:59] [Warn] ⚠️ 第 7 組 API 金鑰 ping 失敗，嘗試下一組...
[2025-10-18 12:47:00] [Warn] ⚠️ 第 9 組 API 金鑰 ping 失敗，嘗試下一組...
[2025-10-18 12:47:00] [Warn] ⚠️ 第 8 組 API 金鑰 ping 失敗，嘗試下一組...
[2025-10-18 12:47:00] [Warn] ⚠️ 第 9 組 API 金鑰 ping 失敗，嘗試下一組...
[2025-10-18 12:47:00] [Warn] ⚠️ 第 10 組 API 金鑰 ping 失敗，嘗試下一組...
[2025-10-18 12:47:00] [Warn] ⚠️ 第 10 組 API 金鑰 ping 失敗，嘗試下一組...
[2025-10-18 12:47:00] [Warn] ⚠️ 第 11 組 API 金鑰 ping 失敗，嘗試下一組...
[2025-10-18 12:47:00] [Warn] ⚠️ 第 11 組 API 金鑰 ping 失敗，嘗試下一組...
[2025-10-18 12:47:00] [Warn] ⚠️ 第 12 組 API 金鑰 ping 失敗，嘗試下一組...
[2025-10-18 12:47:00] [Error] ⚠️ 所有 API 金鑰皆無法使用。
[2025-10-18 12:47:00] [Warn] ⚠️ 第 12 組 API 金鑰 ping 失敗，嘗試下一組...
[2025-10-18 12:47:00] [Error] ⚠️ 所有 API 金鑰皆無法使用。
[2025-10-18 12:47:01] [Info] ✅ 載入啟動時間: 11.07s (11072.70ms)
[2025-10-18 12:47:01] [Info] %s: %s Bot啟動時間 5.001s
