[2025-10-19 05:57:12] [Info] ✅ 日誌建立成功
[2025-10-19 05:57:12] [Info] ✅ 模組快取已清除完畢
[2025-10-19 05:57:12] [Info] ✅ 已載入翻譯詞條數：48
[2025-10-19 05:57:12] [Info] ✅所有初始化作業已完成，正在啟動...
[2025-10-19 05:57:12] [Info] ✅ 壓縮完成： /home/container/log/log-2025-10-19-05-57-12.log.gz
[2025-10-19 05:57:12] [Info] 🗑️ 已刪除舊日誌
[2025-10-19 05:57:12] [Info] Redis 正在連接...
[2025-10-19 05:57:12] [Info] Redis 正在連接...
[2025-10-19 05:57:12] [Info] Redis 正在連接...
[2025-10-19 05:57:13] [Info] ✅ MariaDB 連線成功
[2025-10-19 05:57:13] [Info] ✅ Shard #0 已就緒
[2025-10-19 05:57:13] [Info] ✅ 已登入為 TSBOT#7103
[2025-10-19 05:57:13] [Info] 🔁 使用第 1 組 API 金鑰 (AIzaSy...YjNA)
[2025-10-19 05:57:13] [Info] 🔁 使用第 1 組 API 金鑰 (AIzaSy...YjNA)
[2025-10-19 05:57:13] [Info] Redis 連接測試成功
[2025-10-19 05:57:13] [Info] Redis 連接測試成功
[2025-10-19 05:57:13] [Info] Redis 連接測試成功
[2025-10-19 05:57:13] [Info] 🔁 全域 Slash 指令已更新
[2025-10-19 05:57:13] [Info] 🤖 當前版本: V2.2.0
[2025-10-19 05:57:16] [Info] 🎉 所有未導入的圖片已成功導入資料庫！
[2025-10-19 05:57:16] [Info] [DEBUG] 開始定期狀態更新
[2025-10-19 05:57:17] [Info] ✅ 載入啟動時間: 9.54s (9538.76ms)
[2025-10-19 05:57:17] [Info] %s: %s Bot啟動時間 5.001s
[2025-10-19 05:57:25] [Info] 🗨️ 使用者對我說：<@1397390948660678666> 早安
[2025-10-19 05:57:25] [Warn] ❗ 未翻譯錯誤訊息： moment(...).tz(...).Hour is not a function
[2025-10-19 05:57:25] [Error] ⚠️ 機器人錯誤： （未翻譯）moment(...).tz(...).Hour is not a function
[2025-10-19 05:57:26] [Info] ✅ 頭像已更新
[2025-10-19 05:57:27] [Info] ✅ 橫幅已更新
[2025-10-19 05:58:47] [Info] 🧹 Node.js 進程結束：0
