[2025-10-18 03:46:54] [Info] ✅ 日誌建立成功
[2025-10-18 03:46:54] [Info] ✅ 模組快取已清除完畢
[2025-10-18 03:46:54] [Info] ✅ 已載入翻譯詞條數：48
[2025-10-18 03:46:54] [Info] ✅所有初始化作業已完成，正在啟動...
[2025-10-18 03:46:54] [Info] ✅ 壓縮完成： /home/container/log/log-2025-10-18-03-46-54.log.gz
[2025-10-18 03:46:54] [Info] 🗑️ 已刪除舊日誌
[2025-10-18 03:46:54] [Warn] ⚠️ 第 1 組 API 金鑰 ping 失敗，嘗試下一組...
[2025-10-18 03:46:54] [Warn] ⚠️ 第 1 組 API 金鑰 ping 失敗，嘗試下一組...
[2025-10-18 03:46:54] [Warn] ⚠️ 第 2 組 API 金鑰 ping 失敗，嘗試下一組...
[2025-10-18 03:46:54] [Warn] ⚠️ 第 2 組 API 金鑰 ping 失敗，嘗試下一組...
[2025-10-18 03:46:54] [Info] ✅ MariaDB 連線成功
[2025-10-18 03:46:55] [Info] ✅ Shard #0 已就緒
[2025-10-18 03:46:55] [Info] ✅ 已登入為 TSBOT#7103
[2025-10-18 03:46:55] [Warn] ⚠️ 第 3 組 API 金鑰 ping 失敗，嘗試下一組...
[2025-10-18 03:46:55] [Warn] ⚠️ 第 3 組 API 金鑰 ping 失敗，嘗試下一組...
[2025-10-18 03:46:55] [Warn] ⚠️ 第 4 組 API 金鑰 ping 失敗，嘗試下一組...
[2025-10-18 03:46:55] [Warn] ⚠️ 第 4 組 API 金鑰 ping 失敗，嘗試下一組...
[2025-10-18 03:46:55] [Warn] ⚠️ 第 5 組 API 金鑰 ping 失敗，嘗試下一組...
[2025-10-18 03:46:55] [Warn] ⚠️ 第 5 組 API 金鑰 ping 失敗，嘗試下一組...
[2025-10-18 03:46:55] [Warn] ⚠️ 第 6 組 API 金鑰 ping 失敗，嘗試下一組...
[2025-10-18 03:46:55] [Warn] ⚠️ 第 6 組 API 金鑰 ping 失敗，嘗試下一組...
[2025-10-18 03:46:55] [Warn] ⚠️ 第 7 組 API 金鑰 ping 失敗，嘗試下一組...
[2025-10-18 03:46:55] [Warn] ⚠️ 第 7 組 API 金鑰 ping 失敗，嘗試下一組...
[2025-10-18 03:46:55] [Warn] ⚠️ 第 8 組 API 金鑰 ping 失敗，嘗試下一組...
[2025-10-18 03:46:55] [Warn] ⚠️ 第 8 組 API 金鑰 ping 失敗，嘗試下一組...
[2025-10-18 03:46:55] [Warn] ⚠️ 第 9 組 API 金鑰 ping 失敗，嘗試下一組...
[2025-10-18 03:46:55] [Warn] ⚠️ 第 9 組 API 金鑰 ping 失敗，嘗試下一組...
[2025-10-18 03:46:56] [Info] 🔁 使用第 10 組 API 金鑰 (AIzaSy...ZgFQ)
[2025-10-18 03:46:57] [Info] 🔁 全域 Slash 指令已更新
[2025-10-18 03:46:57] [Info] 🤖 當前版本: VP2.1.0
[2025-10-18 03:46:59] [Info] 🎉 所有未導入的圖片已成功導入資料庫！
[2025-10-18 03:46:59] [Info] ✅ 載入啟動時間: 9.07s (9069.72ms)
[2025-10-18 03:46:59] [Info] %s: %s Bot啟動時間 5.000s
[2025-10-18 03:46:59] [Info] 🔁 使用第 10 組 API 金鑰 (AIzaSy...ZgFQ)
[2025-10-18 03:47:00] [Info] [DEBUG] 開始定期狀態更新
[2025-10-18 03:47:10] [Info] ✅ 頭像已更新
[2025-10-18 03:47:30] [Info] ✅ 橫幅已更新
[2025-10-18 03:48:00] [Error] 刷新狀態錯誤: {"name":"TypeError","message":"Cannot read properties of null (reading 'ids')","stack":"TypeError: Cannot read properties of null (reading 'ids')\n    at Object.execute (/home/container/commands/status.js:402:33)\n    at processTicksAndRejections (node:internal/process/task_queues:105:5)\n    at async Client.<anonymous> (/home/container/bot.js:690:9)"}
[2025-10-18 03:48:00] [Warn] ℹ️ Node.js 警告：Warning - 傳入 "ephemeral" 已被棄用，請改用 flags 參數
[2025-10-18 03:49:05] [Info] 🧹 Node.js 進程結束：0
