[2025-10-17 14:11:23] [Info] ✅ 日誌建立成功
[2025-10-17 14:11:23] [Info] ✅ 模組快取已清除完畢
[2025-10-17 14:11:24] [Info] ✅ 已載入翻譯詞條數：48
[2025-10-17 14:11:24] [Info] ✅所有初始化作業已完成，正在啟動...
[2025-10-17 14:11:24] [Info] ✅ 壓縮完成： /home/container/log/log-2025-10-17-14-11-23.log.gz
[2025-10-17 14:11:24] [Info] 🗑️ 已刪除舊日誌
[2025-10-17 14:11:24] [Info] Redis 正在連接...
[2025-10-17 14:11:24] [Info] Redis 正在連接...
[2025-10-17 14:11:24] [Info] Redis 正在連接...
[2025-10-17 14:11:24] [Info] ✅ MariaDB 連線成功
[2025-10-17 14:11:24] [Info] Redis 連接測試成功
[2025-10-17 14:11:24] [Info] Redis 連接測試成功
[2025-10-17 14:11:24] [Info] Redis 連接測試成功
[2025-10-17 14:11:24] [Info] ✅ Shard #0 已就緒
[2025-10-17 14:11:24] [Info] ✅ 已登入為 TSBOT#7103
[2025-10-17 14:11:25] [Info] 🔁 使用第 1 組 API 金鑰 (AIzaSy...YjNA)
[2025-10-17 14:11:25] [Info] 🔁 使用第 1 組 API 金鑰 (AIzaSy...YjNA)
[2025-10-17 14:11:25] [Info] 🔁 全域 Slash 指令已更新
[2025-10-17 14:11:25] [Info] 🤖 當前版本: VP2.1.0
[2025-10-17 14:11:25] [Info] ✅ Redis 初始化完成
[2025-10-17 14:11:25] [Info] ✅ Redis 已連線
[2025-10-17 14:11:25] [Info] 🎉 所有未導入的圖片已成功導入資料庫！
[2025-10-17 14:11:28] [Info] [DEBUG] 開始定期狀態更新
[2025-10-17 14:11:42] [Info] ✅ 頭像已更新
[2025-10-17 14:11:43] [Warn] ⚠️ 設定橫幅太快或權限不足
[2025-10-17 14:12:00] [Warn] ⚠️ 設定橫幅太快或權限不足
[2025-10-17 14:12:18] [Warn] ⚠️ 設定橫幅太快或權限不足
[2025-10-17 14:12:38] [Warn] ⚠️ 設定橫幅太快或權限不足
[2025-10-17 14:12:58] [Warn] ⚠️ 設定橫幅太快或權限不足
[2025-10-17 14:13:18] [Warn] ⚠️ 設定橫幅太快或權限不足
[2025-10-17 14:13:38] [Warn] ⚠️ 設定橫幅太快或權限不足
[2025-10-17 14:13:58] [Warn] ⚠️ 設定橫幅太快或權限不足
[2025-10-17 14:14:19] [Info] ✅ 橫幅已更新
[2025-10-17 14:15:35] [Info] 🧹 Node.js 進程結束：0
