[2025-10-18 14:27:03] [Info] ✅ 日誌建立成功
[2025-10-18 14:27:03] [Info] ✅ 模組快取已清除完畢
[2025-10-18 14:27:03] [Info] ✅ 已載入翻譯詞條數：48
[2025-10-18 14:27:03] [Info] ✅所有初始化作業已完成，正在啟動...
[2025-10-18 14:27:03] [Info] ✅ 壓縮完成： /home/container/log/log-2025-10-18-14-27-03.log.gz
[2025-10-18 14:27:03] [Info] 🗑️ 已刪除舊日誌
[2025-10-18 14:27:03] [Warn] ⚠️ 第 1 組 API 金鑰 ping 失敗，嘗試下一組...
[2025-10-18 14:27:04] [Info] Redis 正在連接...
[2025-10-18 14:27:04] [Info] Redis 正在連接...
[2025-10-18 14:27:04] [Info] Redis 正在連接...
[2025-10-18 14:27:04] [Info] ✅ MariaDB 連線成功
[2025-10-18 14:27:04] [Warn] ⚠️ 第 1 組 API 金鑰 ping 失敗，嘗試下一組...
[2025-10-18 14:27:04] [Warn] ⚠️ 第 2 組 API 金鑰 ping 失敗，嘗試下一組...
[2025-10-18 14:27:04] [Warn] ⚠️ 第 2 組 API 金鑰 ping 失敗，嘗試下一組...
[2025-10-18 14:27:04] [Info] ✅ Shard #0 已就緒
[2025-10-18 14:27:04] [Info] ✅ 已登入為 TSBOT#7103
[2025-10-18 14:27:04] [Warn] ⚠️ 第 3 組 API 金鑰 ping 失敗，嘗試下一組...
[2025-10-18 14:27:04] [Warn] ⚠️ 第 3 組 API 金鑰 ping 失敗，嘗試下一組...
[2025-10-18 14:27:04] [Warn] ⚠️ 第 4 組 API 金鑰 ping 失敗，嘗試下一組...
[2025-10-18 14:27:04] [Warn] ⚠️ 第 4 組 API 金鑰 ping 失敗，嘗試下一組...
[2025-10-18 14:27:04] [Info] Redis 連接測試成功
[2025-10-18 14:27:04] [Info] Redis 連接測試成功
[2025-10-18 14:27:04] [Info] Redis 連接測試成功
[2025-10-18 14:27:04] [Warn] ⚠️ 第 5 組 API 金鑰 ping 失敗，嘗試下一組...
[2025-10-18 14:27:04] [Warn] ⚠️ 第 5 組 API 金鑰 ping 失敗，嘗試下一組...
[2025-10-18 14:27:04] [Warn] ⚠️ 第 6 組 API 金鑰 ping 失敗，嘗試下一組...
[2025-10-18 14:27:04] [Warn] ⚠️ 第 6 組 API 金鑰 ping 失敗，嘗試下一組...
[2025-10-18 14:27:04] [Warn] ⚠️ 第 7 組 API 金鑰 ping 失敗，嘗試下一組...
[2025-10-18 14:27:04] [Warn] ⚠️ 第 8 組 API 金鑰 ping 失敗，嘗試下一組...
[2025-10-18 14:27:04] [Warn] ⚠️ 第 7 組 API 金鑰 ping 失敗，嘗試下一組...
[2025-10-18 14:27:04] [Warn] ⚠️ 第 8 組 API 金鑰 ping 失敗，嘗試下一組...
[2025-10-18 14:27:04] [Warn] ⚠️ 第 9 組 API 金鑰 ping 失敗，嘗試下一組...
[2025-10-18 14:27:05] [Warn] ⚠️ 第 10 組 API 金鑰 ping 失敗，嘗試下一組...
[2025-10-18 14:27:05] [Warn] ⚠️ 第 9 組 API 金鑰 ping 失敗，嘗試下一組...
[2025-10-18 14:27:05] [Warn] ⚠️ 第 11 組 API 金鑰 ping 失敗，嘗試下一組...
[2025-10-18 14:27:05] [Warn] ⚠️ 第 12 組 API 金鑰 ping 失敗，嘗試下一組...
[2025-10-18 14:27:05] [Error] ⚠️ 所有 API 金鑰皆無法使用。
[2025-10-18 14:27:05] [Warn] ⚠️ 第 10 組 API 金鑰 ping 失敗，嘗試下一組...
[2025-10-18 14:27:05] [Warn] ⚠️ 第 11 組 API 金鑰 ping 失敗，嘗試下一組...
[2025-10-18 14:27:05] [Warn] ⚠️ 第 12 組 API 金鑰 ping 失敗，嘗試下一組...
[2025-10-18 14:27:05] [Error] ⚠️ 所有 API 金鑰皆無法使用。
[2025-10-18 14:27:07] [Info] 🔁 全域 Slash 指令已更新
[2025-10-18 14:27:07] [Info] 🤖 當前版本: V2.2.0
[2025-10-18 14:27:08] [Info] ✅ 載入啟動時間: 9.26s (9259.59ms)
[2025-10-18 14:27:08] [Info] %s: %s Bot啟動時間 5.000s
[2025-10-18 14:27:09] [Info] 🎉 所有未導入的圖片已成功導入資料庫！
[2025-10-18 14:27:10] [Info] [DEBUG] 開始定期狀態更新
[2025-10-18 14:27:20] [Info] ✅ 頭像已更新
[2025-10-18 14:27:20] [Info] ✅ 橫幅已更新
[2025-10-18 14:35:06] [Info] 🧹 Node.js 進程結束：0
