[2025-10-18 03:50:41] [Info] ✅ 日誌建立成功
[2025-10-18 03:50:41] [Info] ✅ 模組快取已清除完畢
[2025-10-18 03:50:42] [Info] ✅ 已載入翻譯詞條數：48
[2025-10-18 03:50:42] [Info] ✅所有初始化作業已完成，正在啟動...
[2025-10-18 03:50:42] [Info] ✅ 壓縮完成： /home/container/log/log-2025-10-18-03-50-41.log.gz
[2025-10-18 03:50:42] [Info] 🗑️ 已刪除舊日誌
[2025-10-18 03:50:42] [Warn] ⚠️ 第 1 組 API 金鑰 ping 失敗，嘗試下一組...
[2025-10-18 03:50:42] [Warn] ⚠️ 第 1 組 API 金鑰 ping 失敗，嘗試下一組...
[2025-10-18 03:50:42] [Warn] ⚠️ 第 2 組 API 金鑰 ping 失敗，嘗試下一組...
[2025-10-18 03:50:42] [Warn] ⚠️ 第 2 組 API 金鑰 ping 失敗，嘗試下一組...
[2025-10-18 03:50:42] [Warn] ⚠️ 第 3 組 API 金鑰 ping 失敗，嘗試下一組...
[2025-10-18 03:50:42] [Warn] ⚠️ 第 3 組 API 金鑰 ping 失敗，嘗試下一組...
[2025-10-18 03:50:42] [Info] ✅ MariaDB 連線成功
[2025-10-18 03:50:42] [Info] ✅ Shard #0 已就緒
[2025-10-18 03:50:42] [Info] ✅ 已登入為 TSBOT#7103
[2025-10-18 03:50:42] [Warn] ⚠️ 第 4 組 API 金鑰 ping 失敗，嘗試下一組...
[2025-10-18 03:50:42] [Warn] ⚠️ 第 4 組 API 金鑰 ping 失敗，嘗試下一組...
[2025-10-18 03:50:43] [Warn] ⚠️ 第 5 組 API 金鑰 ping 失敗，嘗試下一組...
[2025-10-18 03:50:43] [Warn] ⚠️ 第 5 組 API 金鑰 ping 失敗，嘗試下一組...
[2025-10-18 03:50:43] [Warn] ⚠️ 第 6 組 API 金鑰 ping 失敗，嘗試下一組...
[2025-10-18 03:50:43] [Warn] ⚠️ 第 6 組 API 金鑰 ping 失敗，嘗試下一組...
[2025-10-18 03:50:43] [Warn] ⚠️ 第 7 組 API 金鑰 ping 失敗，嘗試下一組...
[2025-10-18 03:50:43] [Warn] ⚠️ 第 7 組 API 金鑰 ping 失敗，嘗試下一組...
[2025-10-18 03:50:43] [Warn] ⚠️ 第 8 組 API 金鑰 ping 失敗，嘗試下一組...
[2025-10-18 03:50:43] [Warn] ⚠️ 第 8 組 API 金鑰 ping 失敗，嘗試下一組...
[2025-10-18 03:50:43] [Info] 🔁 全域 Slash 指令已更新
[2025-10-18 03:50:43] [Info] 🤖 當前版本: VP2.1.0
[2025-10-18 03:50:43] [Warn] ⚠️ 第 9 組 API 金鑰 ping 失敗，嘗試下一組...
[2025-10-18 03:50:43] [Warn] ⚠️ 第 9 組 API 金鑰 ping 失敗，嘗試下一組...
[2025-10-18 03:50:44] [Info] 🔁 使用第 10 組 API 金鑰 (AIzaSy...ZgFQ)
[2025-10-18 03:50:44] [Info] 🔁 使用第 10 組 API 金鑰 (AIzaSy...ZgFQ)
[2025-10-18 03:50:46] [Info] 🎉 所有未導入的圖片已成功導入資料庫！
[2025-10-18 03:50:46] [Info] [DEBUG] 開始定期狀態更新
[2025-10-18 03:50:46] [Info] ✅ 載入啟動時間: 9.44s (9441.60ms)
[2025-10-18 03:50:46] [Info] %s: %s Bot啟動時間 5.001s
[2025-10-18 03:50:51] [Info] MariaDB pool 已建立並持續更新狀態
[2025-10-18 03:50:56] [Info] ✅ 頭像已更新
[2025-10-18 03:52:17] [Info] ✅ 橫幅已更新
[2025-10-18 03:58:14] [Info] 🧹 Node.js 進程結束：0
