[2025-10-18 13:01:06] [Info] ✅ 日誌建立成功
[2025-10-18 13:01:08] [Info] ✅ 模組快取已清除完畢
[2025-10-18 13:01:08] [Info] ✅ 已載入翻譯詞條數：48
[2025-10-18 13:01:08] [Info] ✅所有初始化作業已完成，正在啟動...
[2025-10-18 13:01:08] [Info] ✅ 壓縮完成： /home/container/log/log-2025-10-18-13-01-06.log.gz
[2025-10-18 13:01:08] [Info] 🗑️ 已刪除舊日誌
[2025-10-18 13:01:09] [Info] [Manager PID 1362] ✓ 分片 0 已創建
[2025-10-18 13:01:09] [Warn] ⚠️ 第 1 組 API 金鑰 ping 失敗，嘗試下一組...
[2025-10-18 13:01:09] [Warn] ⚠️ 第 1 組 API 金鑰 ping 失敗，嘗試下一組...
[2025-10-18 13:01:09] [Info] ✅ MariaDB 連線成功
[2025-10-18 13:01:09] [Warn] ⚠️ 第 2 組 API 金鑰 ping 失敗，嘗試下一組...
[2025-10-18 13:01:09] [Warn] ⚠️ 第 2 組 API 金鑰 ping 失敗，嘗試下一組...
[2025-10-18 13:01:10] [Info] ✅ Shard #0 已就緒
[2025-10-18 13:01:10] [Info] ✅ 已登入為 TSBOT#7103
[2025-10-18 13:01:10] [Warn] ⚠️ 第 3 組 API 金鑰 ping 失敗，嘗試下一組...
[2025-10-18 13:01:10] [Warn] ⚠️ 第 3 組 API 金鑰 ping 失敗，嘗試下一組...
[2025-10-18 13:01:10] [Warn] ⚠️ 第 4 組 API 金鑰 ping 失敗，嘗試下一組...
[2025-10-18 13:01:10] [Warn] ⚠️ 第 4 組 API 金鑰 ping 失敗，嘗試下一組...
[2025-10-18 13:01:10] [Warn] ⚠️ 第 5 組 API 金鑰 ping 失敗，嘗試下一組...
[2025-10-18 13:01:10] [Warn] ⚠️ 第 5 組 API 金鑰 ping 失敗，嘗試下一組...
[2025-10-18 13:01:10] [Warn] ⚠️ 第 6 組 API 金鑰 ping 失敗，嘗試下一組...
[2025-10-18 13:01:10] [Warn] ⚠️ 第 6 組 API 金鑰 ping 失敗，嘗試下一組...
[2025-10-18 13:01:10] [Warn] ⚠️ 第 7 組 API 金鑰 ping 失敗，嘗試下一組...
[2025-10-18 13:01:10] [Warn] ⚠️ 第 7 組 API 金鑰 ping 失敗，嘗試下一組...
[2025-10-18 13:01:10] [Warn] ⚠️ 第 8 組 API 金鑰 ping 失敗，嘗試下一組...
[2025-10-18 13:01:10] [Warn] ⚠️ 第 8 組 API 金鑰 ping 失敗，嘗試下一組...
[2025-10-18 13:01:10] [Warn] ⚠️ 第 9 組 API 金鑰 ping 失敗，嘗試下一組...
[2025-10-18 13:01:10] [Warn] ⚠️ 第 10 組 API 金鑰 ping 失敗，嘗試下一組...
[2025-10-18 13:01:10] [Warn] ⚠️ 第 9 組 API 金鑰 ping 失敗，嘗試下一組...
[2025-10-18 13:01:10] [Warn] ⚠️ 第 11 組 API 金鑰 ping 失敗，嘗試下一組...
[2025-10-18 13:01:11] [Info] 🔁 全域 Slash 指令已更新
[2025-10-18 13:01:11] [Info] 🤖 當前版本: V2.2.0
[2025-10-18 13:01:11] [Warn] ⚠️ 第 12 組 API 金鑰 ping 失敗，嘗試下一組...
[2025-10-18 13:01:11] [Error] ⚠️ 所有 API 金鑰皆無法使用。
[2025-10-18 13:01:11] [Warn] ⚠️ 第 10 組 API 金鑰 ping 失敗，嘗試下一組...
[2025-10-18 13:01:11] [Warn] ⚠️ 第 11 組 API 金鑰 ping 失敗，嘗試下一組...
[2025-10-18 13:01:11] [Warn] ⚠️ 第 12 組 API 金鑰 ping 失敗，嘗試下一組...
[2025-10-18 13:01:11] [Error] ⚠️ 所有 API 金鑰皆無法使用。
[2025-10-18 13:01:11] [Info] ✅ 載入啟動時間: 10.32s (10322.85ms)
[2025-10-18 13:01:11] [Info] %s: %s Bot啟動時間 5.000s
[2025-10-18 13:01:14] [Info] [DEBUG] 開始定期狀態更新
