[2025-10-17 14:50:08] [Info] ✅ 日誌建立成功
[2025-10-17 14:50:08] [Info] ✅ 模組快取已清除完畢
[2025-10-17 14:50:08] [Info] ✅ 已載入翻譯詞條數：48
[2025-10-17 14:50:08] [Info] ✅所有初始化作業已完成，正在啟動...
[2025-10-17 14:50:08] [Info] ✅ 壓縮完成： /home/container/log/log-2025-10-17-14-50-08.log.gz
[2025-10-17 14:50:08] [Info] 🗑️ 已刪除舊日誌
[2025-10-17 14:50:08] [Info] Redis 正在連接...
[2025-10-17 14:50:08] [Info] Redis 正在連接...
[2025-10-17 14:50:08] [Info] Redis 正在連接...
[2025-10-17 14:50:08] [Error] ShardingManager 啟動失敗: {}
[2025-10-17 14:50:08] [Error] ShardingManager 啟動失敗: {}
[2025-10-17 14:50:09] [Info] ✅ MariaDB 連線成功
[2025-10-17 14:50:09] [Info] Redis 連接測試成功
[2025-10-17 14:50:09] [Info] Redis 連接測試成功
[2025-10-17 14:50:09] [Info] Redis 連接測試成功
[2025-10-17 14:50:09] [Info] 🔁 使用第 1 組 API 金鑰 (AIzaSy...YjNA)
[2025-10-17 14:50:09] [Info] 🔁 使用第 1 組 API 金鑰 (AIzaSy...YjNA)
[2025-10-17 14:50:11] [Info] 🎉 所有未導入的圖片已成功導入資料庫！
[2025-10-17 14:50:12] [Info] ✅ Shard #0 已就緒
[2025-10-17 14:50:12] [Info] ✅ 已登入為 TSBOT#7103
[2025-10-17 14:50:13] [Info] ✅ 載入啟動時間: 7.97s (7965.25ms)
[2025-10-17 14:50:51] [Info] 🔁 全域 Slash 指令已更新
[2025-10-17 14:50:51] [Info] 🤖 當前版本: VP2.1.0
[2025-10-17 14:50:51] [Info] ✅ Redis 初始化完成
[2025-10-17 14:50:51] [Info] ✅ Redis 已連線
[2025-10-17 14:50:54] [Info] [DEBUG] 開始定期狀態更新
[2025-10-17 14:51:04] [Info] ✅ 頭像已更新
