[2025-10-18 12:47:14] [Info] ✅ 日誌建立成功
[2025-10-18 12:47:14] [Info] ✅ 模組快取已清除完畢
[2025-10-18 12:47:14] [Info] ✅ 已載入翻譯詞條數：48
[2025-10-18 12:47:14] [Info] ✅所有初始化作業已完成，正在啟動...
[2025-10-18 12:47:14] [Info] ✅ 壓縮完成： /home/container/log/log-2025-10-18-12-47-14.log.gz
[2025-10-18 12:47:14] [Info] 🗑️ 已刪除舊日誌
[2025-10-18 12:47:14] [Warn] ⚠️ 第 1 組 API 金鑰 ping 失敗，嘗試下一組...
[2025-10-18 12:47:14] [Warn] ⚠️ 第 1 組 API 金鑰 ping 失敗，嘗試下一組...
[2025-10-18 12:47:14] [Info] ✅ MariaDB 連線成功
[2025-10-18 12:47:14] [Warn] ⚠️ 第 2 組 API 金鑰 ping 失敗，嘗試下一組...
[2025-10-18 12:47:14] [Warn] ⚠️ 第 2 組 API 金鑰 ping 失敗，嘗試下一組...
[2025-10-18 12:47:14] [Info] [Manager PID 162] ✓ 分片 0 已創建
[2025-10-18 12:47:14] [Warn] ⚠️ 第 3 組 API 金鑰 ping 失敗，嘗試下一組...
[2025-10-18 12:47:14] [Warn] ⚠️ 第 4 組 API 金鑰 ping 失敗，嘗試下一組...
[2025-10-18 12:47:14] [Warn] ⚠️ 第 3 組 API 金鑰 ping 失敗，嘗試下一組...
[2025-10-18 12:47:15] [Warn] ⚠️ 第 4 組 API 金鑰 ping 失敗，嘗試下一組...
[2025-10-18 12:47:16] [Info] ✅ Shard #0 已就緒
[2025-10-18 12:47:16] [Info] ✅ 已登入為 TSBOT#7103
[2025-10-18 12:47:16] [Warn] ⚠️ 第 5 組 API 金鑰 ping 失敗，嘗試下一組...
[2025-10-18 12:47:16] [Warn] ⚠️ 第 5 組 API 金鑰 ping 失敗，嘗試下一組...
[2025-10-18 12:47:16] [Warn] ⚠️ 第 6 組 API 金鑰 ping 失敗，嘗試下一組...
[2025-10-18 12:47:16] [Warn] ⚠️ 第 7 組 API 金鑰 ping 失敗，嘗試下一組...
[2025-10-18 12:47:16] [Warn] ⚠️ 第 6 組 API 金鑰 ping 失敗，嘗試下一組...
[2025-10-18 12:47:16] [Warn] ⚠️ 第 8 組 API 金鑰 ping 失敗，嘗試下一組...
[2025-10-18 12:47:16] [Warn] ⚠️ 第 7 組 API 金鑰 ping 失敗，嘗試下一組...
[2025-10-18 12:47:16] [Warn] ⚠️ 第 9 組 API 金鑰 ping 失敗，嘗試下一組...
[2025-10-18 12:47:17] [Warn] ⚠️ 第 8 組 API 金鑰 ping 失敗，嘗試下一組...
[2025-10-18 12:47:17] [Warn] ⚠️ 第 10 組 API 金鑰 ping 失敗，嘗試下一組...
[2025-10-18 12:47:17] [Warn] ⚠️ 第 9 組 API 金鑰 ping 失敗，嘗試下一組...
[2025-10-18 12:47:17] [Warn] ⚠️ 第 11 組 API 金鑰 ping 失敗，嘗試下一組...
[2025-10-18 12:47:17] [Warn] ⚠️ 第 10 組 API 金鑰 ping 失敗，嘗試下一組...
[2025-10-18 12:47:17] [Warn] ⚠️ 第 12 組 API 金鑰 ping 失敗，嘗試下一組...
[2025-10-18 12:47:17] [Error] ⚠️ 所有 API 金鑰皆無法使用。
[2025-10-18 12:47:17] [Warn] ⚠️ 第 11 組 API 金鑰 ping 失敗，嘗試下一組...
[2025-10-18 12:47:17] [Warn] ⚠️ 第 12 組 API 金鑰 ping 失敗，嘗試下一組...
[2025-10-18 12:47:17] [Error] ⚠️ 所有 API 金鑰皆無法使用。
[2025-10-18 12:47:19] [Info] ✅ 載入啟動時間: 12.49s (12487.02ms)
[2025-10-18 12:47:20] [Info] %s: %s Bot啟動時間 6.396s
[2025-10-18 12:47:23] [Info] 🎉 所有未導入的圖片已成功導入資料庫！
