[2025-10-17 14:49:55] [Info] ✅ 日誌建立成功
[2025-10-17 14:49:55] [Info] ✅ 模組快取已清除完畢
[2025-10-17 14:49:55] [Info] ✅ 已載入翻譯詞條數：48
[2025-10-17 14:49:55] [Info] ✅所有初始化作業已完成，正在啟動...
[2025-10-17 14:49:55] [Info] ✅ 壓縮完成： /home/container/log/log-2025-10-17-14-49-55.log.gz
[2025-10-17 14:49:55] [Info] 🗑️ 已刪除舊日誌
[2025-10-17 14:49:56] [Info] Spawned shard 0
[2025-10-17 14:49:56] [Info] Redis 正在連接...
[2025-10-17 14:49:56] [Info] Redis 正在連接...
[2025-10-17 14:49:56] [Info] Redis 正在連接...
[2025-10-17 14:49:56] [Info] ✅ MariaDB 連線成功
[2025-10-17 14:49:56] [Info] Spawned shard 0
[2025-10-17 14:49:56] [Info] Redis 連接測試成功
[2025-10-17 14:49:56] [Info] Redis 連接測試成功
[2025-10-17 14:49:56] [Info] Redis 連接測試成功
[2025-10-17 14:49:57] [Info] 🔁 使用第 1 組 API 金鑰 (AIzaSy...YjNA)
[2025-10-17 14:49:57] [Info] 🔁 使用第 1 組 API 金鑰 (AIzaSy...YjNA)
[2025-10-17 14:50:00] [Info] ✅ 載入啟動時間: 7.40s (7403.84ms)
[2025-10-17 14:50:02] [Info] ✅ Shard #0 已就緒
[2025-10-17 14:50:02] [Info] ✅ 已登入為 TSBOT#7103
[2025-10-17 14:50:03] [Info] 🎉 所有未導入的圖片已成功導入資料庫！
