[2025-10-17 14:34:20] [Info] ✅ 日誌建立成功
[2025-10-17 14:34:20] [Info] ✅ 模組快取已清除完畢
[2025-10-17 14:34:20] [Info] ✅ 已載入翻譯詞條數：48
[2025-10-17 14:34:20] [Info] ✅所有初始化作業已完成，正在啟動...
[2025-10-17 14:34:20] [Info] ✅ 壓縮完成： /home/container/log/log-2025-10-17-14-34-20.log.gz
[2025-10-17 14:34:20] [Info] 🗑️ 已刪除舊日誌
[2025-10-17 14:34:20] [Info] Redis 正在連接...
[2025-10-17 14:34:20] [Info] Redis 正在連接...
[2025-10-17 14:34:20] [Info] Redis 正在連接...
[2025-10-17 14:34:21] [Info] ✅ MariaDB 連線成功
[2025-10-17 14:34:21] [Info] Redis 連接測試成功
[2025-10-17 14:34:21] [Info] Redis 連接測試成功
[2025-10-17 14:34:21] [Info] Redis 連接測試成功
[2025-10-17 14:34:21] [Info] 🎉 所有未導入的圖片已成功導入資料庫！
[2025-10-17 14:34:21] [Info] ✅ Shard #0 已就緒
[2025-10-17 14:34:21] [Info] ✅ 已登入為 TSBOT#7103
[2025-10-17 14:34:21] [Info] 🔁 使用第 1 組 API 金鑰 (AIzaSy...YjNA)
[2025-10-17 14:34:22] [Info] 🔁 使用第 1 組 API 金鑰 (AIzaSy...YjNA)
[2025-10-17 14:34:23] [Info] 🔁 全域 Slash 指令已更新
[2025-10-17 14:34:23] [Info] 🤖 當前版本: VP2.1.0
[2025-10-17 14:34:23] [Info] ✅ Redis 初始化完成
[2025-10-17 14:34:24] [Info] ✅ Redis 已連線
[2025-10-17 14:34:25] [Info] ✅ 載入啟動時間: 7.45s (7454.84ms)
[2025-10-17 14:34:26] [Info] [DEBUG] 開始定期狀態更新
[2025-10-17 14:34:28] [Info] MariaDB pool 已建立並持續更新狀態
[2025-10-17 14:34:39] [Info] ✅ 頭像已更新
[2025-10-17 14:34:39] [Info] ✅ 橫幅已更新
[2025-10-17 14:36:04] [Info] 🆕 新伺服器：貓咪便利店 (1296831402125295756)
[2025-10-17 14:36:05] [Info] 已在 貓咪便利店 創建歡迎使用頻道並發送訊息
[2025-10-17 14:38:18] [Info] 🧹 Node.js 進程結束：0
