[2025-10-18 03:34:31] [Info] ✅ 日誌建立成功
[2025-10-18 03:34:31] [Info] ✅ 模組快取已清除完畢
[2025-10-18 03:34:32] [Info] ✅ 已載入翻譯詞條數：48
[2025-10-18 03:34:32] [Info] ✅所有初始化作業已完成，正在啟動...
[2025-10-18 03:34:32] [Info] ✅ 壓縮完成： /home/container/log/log-2025-10-18-03-34-31.log.gz
[2025-10-18 03:34:32] [Info] 🗑️ 已刪除舊日誌
[2025-10-18 03:34:32] [Info] ✓ 分片 0 已啟動
[2025-10-18 03:34:32] [Warn] ⚠️ 第 1 組 API 金鑰 ping 失敗，嘗試下一組...
[2025-10-18 03:34:32] [Warn] ⚠️ 第 1 組 API 金鑰 ping 失敗，嘗試下一組...
[2025-10-18 03:34:32] [Info] ✅ MariaDB 連線成功
[2025-10-18 03:34:32] [Warn] ⚠️ 第 2 組 API 金鑰 ping 失敗，嘗試下一組...
[2025-10-18 03:34:32] [Warn] ⚠️ 第 2 組 API 金鑰 ping 失敗，嘗試下一組...
[2025-10-18 03:34:32] [Warn] ⚠️ 第 3 組 API 金鑰 ping 失敗，嘗試下一組...
[2025-10-18 03:34:32] [Warn] ⚠️ 第 3 組 API 金鑰 ping 失敗，嘗試下一組...
[2025-10-18 03:34:32] [Warn] ⚠️ 第 4 組 API 金鑰 ping 失敗，嘗試下一組...
[2025-10-18 03:34:33] [Warn] ⚠️ 第 4 組 API 金鑰 ping 失敗，嘗試下一組...
[2025-10-18 03:34:34] [Info] ✅ Shard #0 已就緒
[2025-10-18 03:34:34] [Info] ✅ 已登入為 TSBOT#7103
[2025-10-18 03:34:34] [Warn] ⚠️ 第 5 組 API 金鑰 ping 失敗，嘗試下一組...
[2025-10-18 03:34:34] [Warn] ⚠️ 第 5 組 API 金鑰 ping 失敗，嘗試下一組...
[2025-10-18 03:34:34] [Warn] ⚠️ 第 6 組 API 金鑰 ping 失敗，嘗試下一組...
[2025-10-18 03:34:34] [Warn] ⚠️ 第 6 組 API 金鑰 ping 失敗，嘗試下一組...
[2025-10-18 03:34:34] [Warn] ⚠️ 第 7 組 API 金鑰 ping 失敗，嘗試下一組...
[2025-10-18 03:34:34] [Warn] ⚠️ 第 7 組 API 金鑰 ping 失敗，嘗試下一組...
[2025-10-18 03:34:34] [Warn] ⚠️ 第 8 組 API 金鑰 ping 失敗，嘗試下一組...
[2025-10-18 03:34:34] [Warn] ⚠️ 第 8 組 API 金鑰 ping 失敗，嘗試下一組...
[2025-10-18 03:34:35] [Warn] ⚠️ 第 9 組 API 金鑰 ping 失敗，嘗試下一組...
[2025-10-18 03:34:35] [Warn] ⚠️ 第 9 組 API 金鑰 ping 失敗，嘗試下一組...
[2025-10-18 03:34:35] [Info] 🔁 使用第 10 組 API 金鑰 (AIzaSy...ZgFQ)
[2025-10-18 03:34:35] [Info] 🔁 使用第 10 組 API 金鑰 (AIzaSy...ZgFQ)
[2025-10-18 03:34:36] [Info] ✅ 載入啟動時間: 11.51s (11510.02ms)
[2025-10-18 03:34:36] [Info] %s: %s Bot啟動時間 5.000s
[2025-10-18 03:34:38] [Info] 🎉 所有未導入的圖片已成功導入資料庫！
