[2025-10-18 02:37:07] [Info] ✅ 日誌建立成功
[2025-10-18 02:37:08] [Info] ✅ 模組快取已清除完畢
[2025-10-18 02:37:08] [Info] ✅ 已載入翻譯詞條數：48
[2025-10-18 02:37:08] [Info] ✅所有初始化作業已完成，正在啟動...
[2025-10-18 02:37:08] [Info] ✅ 壓縮完成： /home/container/log/log-2025-10-18-02-37-07.log.gz
[2025-10-18 02:37:08] [Info] 🗑️ 已刪除舊日誌
[2025-10-18 02:37:09] [Info] Redis 正在連接...
[2025-10-18 02:37:09] [Info] Redis 正在連接...
[2025-10-18 02:37:09] [Info] Redis 正在連接...
[2025-10-18 02:37:09] [Info] ✅ MariaDB 連線成功
[2025-10-18 02:37:09] [Info] Shard 0 created (pid n/a)
[2025-10-18 02:37:09] [Info] Redis 連接測試成功
[2025-10-18 02:37:09] [Info] Redis 連接測試成功
[2025-10-18 02:37:09] [Info] Redis 連接測試成功
[2025-10-18 02:37:10] [Info] ✅ Shard #0 已就緒
[2025-10-18 02:37:10] [Info] ✅ 已登入為 TSBOT#7103
[2025-10-18 02:37:10] [Info] 🔁 使用第 1 組 API 金鑰 (AIzaSy...YjNA)
[2025-10-18 02:37:10] [Info] 🔁 使用第 1 組 API 金鑰 (AIzaSy...YjNA)
[2025-10-18 02:37:12] [Info] ✅ 載入啟動時間: 9.61s (9611.56ms)
[2025-10-18 02:37:12] [Info] %s: %s Bot啟動時間 5.001s
[2025-10-18 02:37:13] [Info] 🎉 所有未導入的圖片已成功導入資料庫！
