[2025-10-17 14:43:10] [Info] ✅ 日誌建立成功
[2025-10-17 14:43:11] [Info] ✅ 模組快取已清除完畢
[2025-10-17 14:43:11] [Info] ✅ 已載入翻譯詞條數：48
[2025-10-17 14:43:11] [Info] ✅所有初始化作業已完成，正在啟動...
[2025-10-17 14:43:11] [Info] ✅ 日誌建立成功
[2025-10-17 14:43:11] [Info] ✅ 模組快取已清除完畢
[2025-10-17 14:43:11] [Info] ✅ 已載入翻譯詞條數：48
[2025-10-17 14:43:11] [Info] ✅所有初始化作業已完成，正在啟動...
[2025-10-17 14:43:12] [Info] ✅ MariaDB 連線成功
[2025-10-17 14:43:12] [Info] Redis 正在連接...
[2025-10-17 14:43:12] [Info] Redis 正在連接...
[2025-10-17 14:43:12] [Info] Redis 正在連接...
[2025-10-17 14:43:12] [Info] Redis 正在連接...
[2025-10-17 14:43:12] [Info] Redis 正在連接...
[2025-10-17 14:43:12] [Info] Redis 正在連接...
[2025-10-17 14:43:12] [Error] Unhandled Rejection: {}
[2025-10-17 14:43:12] [Warn] ❗ 未翻譯錯誤訊息： [object Response]
[2025-10-17 14:43:12] [Error] ❌ 未處理的 Promise 拋出： （未翻譯）[object Response]
[2025-10-17 14:43:12] [Error] Unhandled Rejection: {}
[2025-10-17 14:43:12] [Info] Redis 連接測試成功
[2025-10-17 14:43:12] [Info] ✅ MariaDB 連線成功
[2025-10-17 14:43:12] [Info] Redis 連接測試成功
[2025-10-17 14:43:12] [Info] Redis 連接測試成功
[2025-10-17 14:43:12] [Info] Redis 連接測試成功
[2025-10-17 14:43:12] [Info] Redis 連接測試成功
[2025-10-17 14:43:12] [Info] Redis 連接測試成功
[2025-10-17 14:43:12] [Info] 🔁 使用第 1 組 API 金鑰 (AIzaSy...YjNA)
[2025-10-17 14:43:12] [Info] 🔁 使用第 1 組 API 金鑰 (AIzaSy...YjNA)
[2025-10-17 14:43:12] [Info] 🔁 使用第 1 組 API 金鑰 (AIzaSy...YjNA)
[2025-10-17 14:43:13] [Info] 🔁 使用第 1 組 API 金鑰 (AIzaSy...YjNA)
[2025-10-17 14:43:15] [Info] ✅ 載入啟動時間: 11.29s (11288.53ms)
[2025-10-17 14:43:16] [Info] ✅ 載入啟動時間: 11.57s (11572.25ms)
[2025-10-17 14:43:18] [Info] ✅ Shard #0 已就緒
[2025-10-17 14:43:18] [Info] ✅ 已登入為 TSBOT#7103
[2025-10-17 14:43:18] [Info] ✅ Shard #0 已就緒
[2025-10-17 14:43:18] [Info] ✅ 已登入為 TSBOT#7103
[2025-10-17 14:43:20] [Info] 🎉 所有未導入的圖片已成功導入資料庫！
[2025-10-17 14:43:20] [Info] 🎉 所有未導入的圖片已成功導入資料庫！
