[2025-10-18 12:46:22] [Info] ✅ 日誌建立成功
[2025-10-18 12:46:22] [Info] ✅ 模組快取已清除完畢
[2025-10-18 12:46:22] [Info] ✅ 已載入翻譯詞條數：48
[2025-10-18 12:46:22] [Info] ✅所有初始化作業已完成，正在啟動...
[2025-10-18 12:46:23] [Info] ✅ 壓縮完成： /home/container/log/log-2025-10-18-12-46-22.log.gz
[2025-10-18 12:46:23] [Info] 🗑️ 已刪除舊日誌
[2025-10-18 12:46:23] [Info] [Manager PID 78] ✓ 分片 0 已創建
[2025-10-18 12:46:23] [Warn] ⚠️ 第 1 組 API 金鑰 ping 失敗，嘗試下一組...
[2025-10-18 12:46:23] [Info] ✅ MariaDB 連線成功
[2025-10-18 12:46:23] [Warn] ⚠️ 第 1 組 API 金鑰 ping 失敗，嘗試下一組...
[2025-10-18 12:46:23] [Warn] ⚠️ 第 2 組 API 金鑰 ping 失敗，嘗試下一組...
[2025-10-18 12:46:23] [Warn] ⚠️ 第 2 組 API 金鑰 ping 失敗，嘗試下一組...
[2025-10-18 12:46:23] [Warn] ⚠️ 第 3 組 API 金鑰 ping 失敗，嘗試下一組...
[2025-10-18 12:46:23] [Warn] ⚠️ 第 3 組 API 金鑰 ping 失敗，嘗試下一組...
[2025-10-18 12:46:24] [Info] ✅ Shard #0 已就緒
[2025-10-18 12:46:24] [Info] ✅ 已登入為 TSBOT#7103
[2025-10-18 12:46:24] [Warn] ⚠️ 第 4 組 API 金鑰 ping 失敗，嘗試下一組...
[2025-10-18 12:46:24] [Warn] ⚠️ 第 4 組 API 金鑰 ping 失敗，嘗試下一組...
[2025-10-18 12:46:24] [Warn] ⚠️ 第 5 組 API 金鑰 ping 失敗，嘗試下一組...
[2025-10-18 12:46:24] [Warn] ⚠️ 第 5 組 API 金鑰 ping 失敗，嘗試下一組...
[2025-10-18 12:46:24] [Warn] ⚠️ 第 6 組 API 金鑰 ping 失敗，嘗試下一組...
[2025-10-18 12:46:24] [Warn] ⚠️ 第 6 組 API 金鑰 ping 失敗，嘗試下一組...
[2025-10-18 12:46:24] [Warn] ⚠️ 第 7 組 API 金鑰 ping 失敗，嘗試下一組...
[2025-10-18 12:46:24] [Warn] ⚠️ 第 7 組 API 金鑰 ping 失敗，嘗試下一組...
[2025-10-18 12:46:24] [Warn] ⚠️ 第 8 組 API 金鑰 ping 失敗，嘗試下一組...
[2025-10-18 12:46:24] [Warn] ⚠️ 第 8 組 API 金鑰 ping 失敗，嘗試下一組...
[2025-10-18 12:46:24] [Warn] ⚠️ 第 9 組 API 金鑰 ping 失敗，嘗試下一組...
[2025-10-18 12:46:24] [Warn] ⚠️ 第 9 組 API 金鑰 ping 失敗，嘗試下一組...
[2025-10-18 12:46:25] [Info] 🔁 使用第 10 組 API 金鑰 (AIzaSy...ZgFQ)
[2025-10-18 12:46:25] [Info] 🔁 使用第 10 組 API 金鑰 (AIzaSy...ZgFQ)
[2025-10-18 12:46:27] [Info] ✅ 載入啟動時間: 9.92s (9920.32ms)
[2025-10-18 12:46:27] [Info] %s: %s Bot啟動時間 5.000s
