[2025-10-17 14:44:45] [Info] ✅ 日誌建立成功
[2025-10-17 14:44:46] [Info] ✅ 模組快取已清除完畢
[2025-10-17 14:44:46] [Info] ✅ 已載入翻譯詞條數：48
[2025-10-17 14:44:46] [Info] ✅所有初始化作業已完成，正在啟動...
[2025-10-17 14:44:45] [Info] ✅ 日誌建立成功
[2025-10-17 14:44:46] [Info] ✅ 模組快取已清除完畢
[2025-10-17 14:44:46] [Info] ✅ 已載入翻譯詞條數：48
[2025-10-17 14:44:46] [Info] ✅所有初始化作業已完成，正在啟動...
[2025-10-17 14:44:46] [Info] ✅ 壓縮完成： /home/container/log/log-2025-10-17-14-44-45.log.gz
[2025-10-17 14:44:46] [Info] 🗑️ 已刪除舊日誌
[2025-10-17 14:44:46] [Info] ✅ MariaDB 連線成功
[2025-10-17 14:44:46] [Info] ✅ MariaDB 連線成功
[2025-10-17 14:44:46] [Info] Redis 正在連接...
[2025-10-17 14:44:46] [Info] Redis 正在連接...
[2025-10-17 14:44:46] [Info] Redis 正在連接...
[2025-10-17 14:44:46] [Error] Unhandled Rejection: {}
[2025-10-17 14:44:46] [Error] Unhandled Rejection: {}
[2025-10-17 14:44:46] [Warn] ❗ 未翻譯錯誤訊息： [object Response]
[2025-10-17 14:44:46] [Error] ❌ 未處理的 Promise 拋出： （未翻譯）[object Response]
[2025-10-17 14:44:46] [Error] Unhandled Rejection: {}
[2025-10-17 14:44:46] [Warn] ❗ 未翻譯錯誤訊息： [object Response]
[2025-10-17 14:44:46] [Error] ❌ 未處理的 Promise 拋出： （未翻譯）[object Response]
[2025-10-17 14:44:46] [Error] Unhandled Rejection: {}
[2025-10-17 14:44:46] [Info] Redis 正在連接...
[2025-10-17 14:44:46] [Info] Redis 正在連接...
[2025-10-17 14:44:46] [Info] Redis 正在連接...
[2025-10-17 14:44:47] [Info] Redis 連接測試成功
[2025-10-17 14:44:47] [Info] Redis 連接測試成功
[2025-10-17 14:44:47] [Info] Redis 連接測試成功
[2025-10-17 14:44:47] [Info] Redis 連接測試成功
[2025-10-17 14:44:47] [Info] Redis 連接測試成功
[2025-10-17 14:44:47] [Info] Redis 連接測試成功
[2025-10-17 14:44:47] [Info] 🔁 使用第 1 組 API 金鑰 (AIzaSy...YjNA)
[2025-10-17 14:44:47] [Info] 🔁 使用第 1 組 API 金鑰 (AIzaSy...YjNA)
[2025-10-17 14:44:47] [Info] 🔁 使用第 1 組 API 金鑰 (AIzaSy...YjNA)
[2025-10-17 14:44:47] [Info] 🔁 使用第 1 組 API 金鑰 (AIzaSy...YjNA)
[2025-10-17 14:44:47] [Info] ✅ Shard #0 已就緒
[2025-10-17 14:44:47] [Info] ✅ 已登入為 TSBOT#7103
[2025-10-17 14:44:48] [Info] 🎉 所有未導入的圖片已成功導入資料庫！
[2025-10-17 14:44:48] [Info] 🎉 所有未導入的圖片已成功導入資料庫！
[2025-10-17 14:44:50] [Info] ✅ Shard #0 已就緒
[2025-10-17 14:44:50] [Info] ✅ 已登入為 TSBOT#7103
[2025-10-17 14:44:50] [Info] ✅ 載入啟動時間: 11.76s (11763.96ms)
[2025-10-17 14:44:50] [Info] ✅ 載入啟動時間: 11.77s (11768.75ms)
[2025-10-17 14:45:26] [Info] 🔁 全域 Slash 指令已更新
[2025-10-17 14:45:26] [Info] 🤖 當前版本: VP2.1.0
[2025-10-17 14:45:26] [Info] ✅ Redis 初始化完成
[2025-10-17 14:45:26] [Info] ✅ Redis 已連線
[2025-10-17 14:45:26] [Info] 🔁 全域 Slash 指令已更新
[2025-10-17 14:45:26] [Info] 🤖 當前版本: VP2.1.0
[2025-10-17 14:45:26] [Info] ✅ Redis 初始化完成
[2025-10-17 14:45:26] [Info] ✅ Redis 已連線
[2025-10-17 14:45:29] [Info] [DEBUG] 開始定期狀態更新
[2025-10-17 14:45:29] [Info] [DEBUG] 開始定期狀態更新
[2025-10-17 14:45:39] [Info] ✅ 頭像已更新
[2025-10-17 14:45:39] [Warn] ⚠️ 設定橫幅太快或權限不足
[2025-10-17 14:45:39] [Info] ✅ 頭像已更新
[2025-10-17 14:45:40] [Warn] ⚠️ 設定橫幅太快或權限不足
[2025-10-17 14:45:59] [Warn] ⚠️ 設定橫幅太快或權限不足
[2025-10-17 14:46:00] [Warn] ⚠️ 設定橫幅太快或權限不足
[2025-10-17 14:46:19] [Warn] ⚠️ 設定橫幅太快或權限不足
[2025-10-17 14:46:19] [Warn] ⚠️ 設定橫幅太快或權限不足
[2025-10-17 14:46:39] [Warn] ⚠️ 設定橫幅太快或權限不足
[2025-10-17 14:46:40] [Warn] ⚠️ 設定橫幅太快或權限不足
[2025-10-17 14:46:59] [Warn] ⚠️ 設定橫幅太快或權限不足
[2025-10-17 14:46:59] [Warn] ⚠️ 設定橫幅太快或權限不足
[2025-10-17 14:47:20] [Info] ✅ 橫幅已更新
[2025-10-17 14:47:20] [Warn] ⚠️ 設定橫幅太快或權限不足
[2025-10-17 14:47:40] [Warn] ⚠️ 設定橫幅太快或權限不足
[2025-10-17 14:48:00] [Warn] ⚠️ 設定橫幅太快或權限不足
