[2025-10-18 12:49:45] [Info] ✅ 日誌建立成功
[2025-10-18 12:49:45] [Info] ✅ 模組快取已清除完畢
[2025-10-18 12:49:45] [Info] ✅ 已載入翻譯詞條數：48
[2025-10-18 12:49:45] [Info] ✅所有初始化作業已完成，正在啟動...
[2025-10-18 12:49:45] [Info] ✅ 壓縮完成： /home/container/log/log-2025-10-18-12-49-45.log.gz
[2025-10-18 12:49:45] [Info] 🗑️ 已刪除舊日誌
[2025-10-18 12:49:45] [Info] [Manager PID 366] ✓ 分片 0 已創建
[2025-10-18 12:49:45] [Warn] ⚠️ 第 1 組 API 金鑰 ping 失敗，嘗試下一組...
[2025-10-18 12:49:45] [Warn] ⚠️ 第 1 組 API 金鑰 ping 失敗，嘗試下一組...
[2025-10-18 12:49:46] [Info] ✅ MariaDB 連線成功
[2025-10-18 12:49:46] [Warn] ⚠️ 第 2 組 API 金鑰 ping 失敗，嘗試下一組...
[2025-10-18 12:49:46] [Warn] ⚠️ 第 2 組 API 金鑰 ping 失敗，嘗試下一組...
[2025-10-18 12:49:46] [Warn] ⚠️ 第 3 組 API 金鑰 ping 失敗，嘗試下一組...
[2025-10-18 12:49:46] [Warn] ⚠️ 第 4 組 API 金鑰 ping 失敗，嘗試下一組...
[2025-10-18 12:49:49] [Info] ✅ Shard #0 已就緒
[2025-10-18 12:49:49] [Info] ✅ 已登入為 TSBOT#7103
[2025-10-18 12:49:49] [Warn] ⚠️ 第 3 組 API 金鑰 ping 失敗，嘗試下一組...
[2025-10-18 12:49:49] [Warn] ⚠️ 第 5 組 API 金鑰 ping 失敗，嘗試下一組...
[2025-10-18 12:49:49] [Warn] ⚠️ 第 4 組 API 金鑰 ping 失敗，嘗試下一組...
[2025-10-18 12:49:49] [Warn] ⚠️ 第 6 組 API 金鑰 ping 失敗，嘗試下一組...
[2025-10-18 12:49:49] [Warn] ⚠️ 第 5 組 API 金鑰 ping 失敗，嘗試下一組...
[2025-10-18 12:49:49] [Warn] ⚠️ 第 7 組 API 金鑰 ping 失敗，嘗試下一組...
[2025-10-18 12:49:49] [Warn] ⚠️ 第 8 組 API 金鑰 ping 失敗，嘗試下一組...
[2025-10-18 12:49:49] [Warn] ⚠️ 第 6 組 API 金鑰 ping 失敗，嘗試下一組...
[2025-10-18 12:49:49] [Warn] ⚠️ 第 9 組 API 金鑰 ping 失敗，嘗試下一組...
[2025-10-18 12:49:49] [Warn] ⚠️ 第 7 組 API 金鑰 ping 失敗，嘗試下一組...
[2025-10-18 12:49:49] [Warn] ⚠️ 第 8 組 API 金鑰 ping 失敗，嘗試下一組...
[2025-10-18 12:49:49] [Warn] ⚠️ 第 9 組 API 金鑰 ping 失敗，嘗試下一組...
[2025-10-18 12:49:50] [Info] ✅ 載入啟動時間: 12.99s (12990.22ms)
[2025-10-18 12:49:50] [Info] %s: %s Bot啟動時間 5.000s
[2025-10-18 12:49:50] [Info] 🔁 使用第 10 組 API 金鑰 (AIzaSy...ZgFQ)
[2025-10-18 12:49:50] [Info] 🔁 使用第 10 組 API 金鑰 (AIzaSy...ZgFQ)
